-------------------------------------------------------------------------------
Test set: com.codekata_wallet.ApiConfigTest
-------------------------------------------------------------------------------
Tests run: 1, Failures: 1, Errors: 0, Skipped: 0, Time elapsed: 0.067 s <<< FAILURE! - in com.codekata_wallet.ApiConfigTest
testApiConfigConstructor(com.codekata_wallet.ApiConfigTest)  Time elapsed: 0.014 s  <<< FAILURE!
java.lang.AssertionError: API key is not set in the environment variables
	at com.codekata_wallet.ApiConfigTest.testApiConfigConstructor(ApiConfigTest.java:17)

