-------------------------------------------------------------------------------
Test set: com.codekata_wallet.ApiConfigTest
-------------------------------------------------------------------------------
Tests run: 1, Failures: 0, Errors: 1, Skipped: 0, Time elapsed: 0.062 s <<< FAILURE! - in com.codekata_wallet.ApiConfigTest
testApiConfigConstructor(com.codekata_wallet.ApiConfigTest)  Time elapsed: 0.014 s  <<< ERROR!
java.lang.IllegalArgumentException: API key contains invalid characters
	at com.codekata_wallet.ApiConfigTest.testApiConfigConstructor(ApiConfigTest.java:20)

